<?xml version="1.0" encoding="UTF-8"?>
<!-- Generated by org.testng.reporters.JUnitXMLReporter -->
<testsuite hostname="SDGL691" name="Default test" tests="9" failures="0" timestamp="24 Sep 2014 07:54:01 GMT" time="72.631" errors="0">
  <testcase name="blankUserNameBlankPasswordLoginTest" time="0.715" classname="com.rediff.testcases.LoginTest"/>
  <testcase name="blankUserNameRightPasswordLoginTest" time="0.863" classname="com.rediff.testcases.LoginTest"/>
  <testcase name="blankUserNameWrongPasswordLoginTest" time="0.707" classname="com.rediff.testcases.LoginTest"/>
  <testcase name="rightUserNameBlankPasswordLoginTest" time="0.608" classname="com.rediff.testcases.LoginTest"/>
  <testcase name="rightUserNameWrongPasswordLoginTest" time="0.522" classname="com.rediff.testcases.LoginTest"/>
  <testcase name="sucessfullLoginTest" time="0.555" classname="com.rediff.testcases.LoginTest"/>
  <testcase name="wrongUserNameBlankPasswordLoginTest" time="0.494" classname="com.rediff.testcases.LoginTest"/>
  <testcase name="wrongUserNameRightPasswordLoginTest" time="0.48" classname="com.rediff.testcases.LoginTest"/>
  <testcase name="wrongUserNameWrongPasswordLoginTest" time="0.438" classname="com.rediff.testcases.LoginTest"/>
</testsuite> <!-- Default test -->
