<?xml version="1.0" encoding="UTF-8"?>
<!-- Generated by org.testng.reporters.JUnitXMLReporter -->
<testsuite hostname="SDGL691" name="Rediff WebSite Testing" tests="9" failures="0" timestamp="22 Sep 2014 11:36:31 GMT" time="59.55" errors="0">
  <testcase name="blankUserNameBlankPasswordLoginTest" time="0.431" classname="com.rediff.testcases.LoginTest"/>
  <testcase name="blankUserNameRightPasswordLoginTest" time="0.368" classname="com.rediff.testcases.LoginTest"/>
  <testcase name="blankUserNameWrongPasswordLoginTest" time="0.58" classname="com.rediff.testcases.LoginTest"/>
  <testcase name="rightUserNameBlankPasswordLoginTest" time="0.356" classname="com.rediff.testcases.LoginTest"/>
  <testcase name="rightUserNameWrongPasswordLoginTest" time="0.438" classname="com.rediff.testcases.LoginTest"/>
  <testcase name="sucessfullLoginTest" time="0.571" classname="com.rediff.testcases.LoginTest"/>
  <testcase name="wrongUserNameBlankPasswordLoginTest" time="0.414" classname="com.rediff.testcases.LoginTest"/>
  <testcase name="wrongUserNameRightPasswordLoginTest" time="0.488" classname="com.rediff.testcases.LoginTest"/>
  <testcase name="wrongUserNameWrongPasswordLoginTest" time="0.343" classname="com.rediff.testcases.LoginTest"/>
</testsuite> <!-- Rediff WebSite Testing -->
